<?xml version="1.0" encoding="UTF-8"?>
<testng-results ignored="0" total="1" passed="1" failed="0" skipped="0">
  <reporter-output>
  </reporter-output>
  <suite started-at="2023-11-24T18:27:54 IST" name="Suite" finished-at="2023-11-24T18:28:05 IST" duration-ms="10580">
    <groups>
    </groups>
    <test started-at="2023-11-24T18:27:54 IST" name="Test" finished-at="2023-11-24T18:28:05 IST" duration-ms="10580">
      <class name="TestCase.RunFlipKart">
        <test-method is-config="true" signature="preSetUp(java.lang.String)[pri:0, instance:TestCase.RunFlipKart@248e319b]" started-at="2023-11-24T18:27:48 IST" name="preSetUp" finished-at="2023-11-24T18:27:54 IST" duration-ms="5943" status="PASS">
          <params>
            <param index="0">
              <value>
                <![CDATA[https://www.flipkart.com/]]>
              </value>
            </param>
          </params>
          <reporter-output>
          </reporter-output>
        </test-method> <!-- preSetUp -->
        <test-method signature="runTestCaseFlipkart()[pri:0, instance:TestCase.RunFlipKart@248e319b]" started-at="2023-11-24T18:27:54 IST" name="runTestCaseFlipkart" finished-at="2023-11-24T18:28:05 IST" duration-ms="10190" status="PASS">
          <reporter-output>
          </reporter-output>
        </test-method> <!-- runTestCaseFlipkart -->
        <test-method is-config="true" signature="tearDown()[pri:0, instance:TestCase.RunFlipKart@248e319b]" started-at="2023-11-24T18:28:05 IST" name="tearDown" finished-at="2023-11-24T18:28:05 IST" duration-ms="322" status="PASS">
          <reporter-output>
          </reporter-output>
        </test-method> <!-- tearDown -->
      </class> <!-- TestCase.RunFlipKart -->
    </test> <!-- Test -->
  </suite> <!-- Suite -->
</testng-results>
